Change Component Comment : Designator= Old Comment= New Comment=0.1uF,50V
Change Component Comment : Designator= Old Comment= New Comment=0.1uF,50V
Change Component Comment : Designator= Old Comment= New Comment=0.1uF,50V
Change Component Comment : Designator= Old Comment= New Comment=0.1uF,50V
Change Component Comment : Designator= Old Comment= New Comment=0.1uF,50V
Change Component Comment : Designator= Old Comment= New Comment=0.1uF,50V
Change Component Comment : Designator= Old Comment= New Comment=0R
Change Component Comment : Designator= Old Comment= New Comment=0R
Change Component Comment : Designator= Old Comment= New Comment=0R
Change Component Comment : Designator= Old Comment= New Comment=0R
Change Component Comment : Designator= Old Comment= New Comment=0R
Change Component Comment : Designator= Old Comment= New Comment=0R
Change Component Comment : Designator= Old Comment= New Comment=0R
Change Component Comment : Designator= Old Comment= New Comment=0R
Change Component Comment : Designator= Old Comment= New Comment=0R
Change Component Comment : Designator= Old Comment= New Comment=0R
Change Component Comment : Designator= Old Comment= New Comment=1k
Change Component Comment : Designator= Old Comment= New Comment=1k
Change Component Comment : Designator= Old Comment= New Comment=1uF,35V
Change Component Comment : Designator= Old Comment= New Comment=4.7uF
Change Component Comment : Designator= Old Comment= New Comment=4.7uF
Change Component Comment : Designator= Old Comment= New Comment=4k7
Change Component Comment : Designator= Old Comment= New Comment=5.1k
Change Component Comment : Designator= Old Comment= New Comment=5.1k
Change Component Comment : Designator= Old Comment= New Comment=5.1k
Change Component Comment : Designator= Old Comment= New Comment=5.1k
Change Component Comment : Designator= Old Comment= New Comment=10k
Change Component Comment : Designator= Old Comment= New Comment=10k
Change Component Comment : Designator= Old Comment= New Comment=10uF,10V
Change Component Comment : Designator= Old Comment= New Comment=10uF
Change Component Comment : Designator= Old Comment= New Comment=10uF
Change Component Comment : Designator= Old Comment= New Comment=27ohm
Change Component Comment : Designator= Old Comment= New Comment=27ohm
Change Component Comment : Designator= Old Comment= New Comment=27R
Change Component Comment : Designator= Old Comment= New Comment=27R
Change Component Comment : Designator= Old Comment= New Comment=100nF,50V
Change Component Comment : Designator= Old Comment= New Comment=100nF,50V
Change Component Comment : Designator= Old Comment= New Comment=100nF,50V
Change Component Comment : Designator= Old Comment= New Comment=100nF,50V
Change Component Comment : Designator= Old Comment= New Comment=100nF,50V
Change Component Comment : Designator= Old Comment= New Comment=22284245
Change Component Comment : Designator= Old Comment= New Comment=22284245
Change Component Comment : Designator= Old Comment= New Comment=2171790001
Change Component Comment : Designator= Old Comment= New Comment=2171790001
Change Component Comment : Designator= Old Comment= New Comment=AC0402FR-0710KL
Change Component Comment : Designator= Old Comment= New Comment=AC0402FR-0710KL
Change Component Comment : Designator= Old Comment= New Comment=AC0402FR-0710KL
Change Component Comment : Designator= Old Comment= New Comment=AQ3045-01ETG
Change Component Comment : Designator= Old Comment= New Comment=AQ3045-01ETG
Change Component Comment : Designator= Old Comment= New Comment=AQ3045-01ETG
Change Component Comment : Designator= Old Comment= New Comment=AQ3045-01ETG
Change Component Comment : Designator= Old Comment= New Comment=AQ3045-01ETG
Change Component Comment : Designator= Old Comment= New Comment=AQ3045-01ETG
Change Component Comment : Designator= Old Comment= New Comment=ESP32-S3-MINI-1-N8
Change Component Comment : Designator= Old Comment= New Comment=FT231XQ-R
Change Component Comment : Designator= Old Comment= New Comment=GREEN
Change Component Comment : Designator= Old Comment= New Comment=RED
Change Component Comment : Designator= Old Comment= New Comment=SS8050-G
Change Component Comment : Designator= Old Comment= New Comment=SS8050-G
Change Component Comment : Designator= Old Comment= New Comment=SWITCH
Change Component Comment : Designator= Old Comment= New Comment=SWITCH
Change Component Comment : Designator= Old Comment= New Comment=TL1963A-33DCYR
Change Component Designator: OldDesignator= NewDesignator=C1
Change Component Designator: OldDesignator= NewDesignator=C2
Change Component Designator: OldDesignator= NewDesignator=C3
Change Component Designator: OldDesignator= NewDesignator=C4
Change Component Designator: OldDesignator= NewDesignator=C5
Change Component Designator: OldDesignator= NewDesignator=C6
Change Component Designator: OldDesignator= NewDesignator=C7
Change Component Designator: OldDesignator= NewDesignator=C8
Change Component Designator: OldDesignator= NewDesignator=C9
Change Component Designator: OldDesignator= NewDesignator=C10
Change Component Designator: OldDesignator= NewDesignator=C11
Change Component Designator: OldDesignator= NewDesignator=C12
Change Component Designator: OldDesignator= NewDesignator=C13
Change Component Designator: OldDesignator= NewDesignator=C14
Change Component Designator: OldDesignator= NewDesignator=C15
Change Component Designator: OldDesignator= NewDesignator=C16
Change Component Designator: OldDesignator= NewDesignator=C17
Change Component Designator: OldDesignator= NewDesignator=CR1
Change Component Designator: OldDesignator= NewDesignator=CR2
Change Component Designator: OldDesignator= NewDesignator=CR3
Change Component Designator: OldDesignator= NewDesignator=CR4
Change Component Designator: OldDesignator= NewDesignator=CR5
Change Component Designator: OldDesignator= NewDesignator=CR6
Change Component Designator: OldDesignator= NewDesignator=D1
Change Component Designator: OldDesignator= NewDesignator=D2
Change Component Designator: OldDesignator= NewDesignator=J1
Change Component Designator: OldDesignator= NewDesignator=J2
Change Component Designator: OldDesignator= NewDesignator=J5
Change Component Designator: OldDesignator= NewDesignator=J6
Change Component Designator: OldDesignator= NewDesignator=Q1
Change Component Designator: OldDesignator= NewDesignator=Q2
Change Component Designator: OldDesignator= NewDesignator=R1
Change Component Designator: OldDesignator= NewDesignator=R2
Change Component Designator: OldDesignator= NewDesignator=R3
Change Component Designator: OldDesignator= NewDesignator=R4
Change Component Designator: OldDesignator= NewDesignator=R5
Change Component Designator: OldDesignator= NewDesignator=R6
Change Component Designator: OldDesignator= NewDesignator=R7
Change Component Designator: OldDesignator= NewDesignator=R8
Change Component Designator: OldDesignator= NewDesignator=R9
Change Component Designator: OldDesignator= NewDesignator=R10
Change Component Designator: OldDesignator= NewDesignator=R11
Change Component Designator: OldDesignator= NewDesignator=R12
Change Component Designator: OldDesignator= NewDesignator=R13
Change Component Designator: OldDesignator= NewDesignator=R14
Change Component Designator: OldDesignator= NewDesignator=R15
Change Component Designator: OldDesignator= NewDesignator=R16
Change Component Designator: OldDesignator= NewDesignator=R17
Change Component Designator: OldDesignator= NewDesignator=R18
Change Component Designator: OldDesignator= NewDesignator=R19
Change Component Designator: OldDesignator= NewDesignator=R20
Change Component Designator: OldDesignator= NewDesignator=R21
Change Component Designator: OldDesignator= NewDesignator=R22
Change Component Designator: OldDesignator= NewDesignator=R23
Change Component Designator: OldDesignator= NewDesignator=R24
Change Component Designator: OldDesignator= NewDesignator=R25
Change Component Designator: OldDesignator= NewDesignator=R26
Change Component Designator: OldDesignator= NewDesignator=S1
Change Component Designator: OldDesignator= NewDesignator=S2
Change Component Designator: OldDesignator= NewDesignator=U1
Change Component Designator: OldDesignator= NewDesignator=U2
Change Component Designator: OldDesignator= NewDesignator=U3
Added Pin To Net: NetName=+3V3 Pin=C5-2
Added Pin To Net: NetName=+3V3 Pin=C6-2
Added Pin To Net: NetName=+3V3 Pin=U2-3
Added Class: Name=ESP32
