Change Component Designator: OldDesignator=R? NewDesignator=R26
Change Component Description : Designator=J2 Old Description=USB Type C - Connector, Top-mount SMT, 16pos New Description=USB Type C - Connector, Top-mount SMT, 16pos | Molex Incorporated 217179-0001
Change Component Description : Designator=J5 Old Description=USB Type C - Connector, Top-mount SMT, 16pos New Description=USB Type C - Connector, Top-mount SMT, 16pos | Molex Incorporated 217179-0001
Add Component: Footprint Not Found RTVS_SOD882_LTF
Add Component: Footprint Not Found RTVS_SOD882_LTF
Add Component: Footprint Not Found RTVS_SOD882_LTF
Add Component: Footprint Not Found RTVS_SOD882_LTF
Add Component: Footprint Not Found RTVS_SOD882_LTF
Add Component: Footprint Not Found RTVS_SOD882_LTF
Add Component: Footprint Not Found RESC1005X37N
Added Component: Designator=S1(SWITCH_43SMTR92LFS)
Add component (AddParameter): Name = "Check_prices"; Value = "https://www.snapeda.com/parts/PTS645SK50SMTR92%20LFS/C%2526K/view-part/?ref=eda"; VariantName = "[No Variations]"
Add component (AddParameter): Name = "MF"; Value = "C&K"; VariantName = "[No Variations]"
Add component (AddParameter): Name = "MP"; Value = "PTS645SK50SMTR92 LFS"; VariantName = "[No Variations]"
Add component (AddParameter): Name = "Package"; Value = "None"; VariantName = "[No Variations]"
Add component (AddParameter): Name = "SnapEDA_Link"; Value = "https://www.snapeda.com/parts/PTS645SK50SMTR92%20LFS/C%2526K/view-part/?ref=snap"; VariantName = "[No Variations]"
Add component (AddParameter): Name = "Value"; Value = ""; VariantName = "[No Variations]"
Added Component: Designator=S2(SWITCH_43SMTR92LFS)
Add component (AddParameter): Name = "Check_prices"; Value = "https://www.snapeda.com/parts/PTS645SK50SMTR92%20LFS/C%2526K/view-part/?ref=eda"; VariantName = "[No Variations]"
Add component (AddParameter): Name = "MF"; Value = "C&K"; VariantName = "[No Variations]"
Add component (AddParameter): Name = "MP"; Value = "PTS645SK50SMTR92 LFS"; VariantName = "[No Variations]"
Add component (AddParameter): Name = "Package"; Value = "None"; VariantName = "[No Variations]"
Add component (AddParameter): Name = "SnapEDA_Link"; Value = "https://www.snapeda.com/parts/PTS645SK50SMTR92%20LFS/C%2526K/view-part/?ref=snap"; VariantName = "[No Variations]"
Add component (AddParameter): Name = "Value"; Value = ""; VariantName = "[No Variations]"
Add Pin To Net: Unknown Pin: Pin CR1-1
Add Pin To Net: Unknown Pin: Pin CR1-2
Add Pin To Net: Unknown Pin: Pin CR2-1
Add Pin To Net: Unknown Pin: Pin CR2-2
Add Pin To Net: Unknown Pin: Pin CR3-1
Add Pin To Net: Unknown Pin: Pin CR3-2
Add Pin To Net: Unknown Pin: Pin CR4-1
Add Pin To Net: Unknown Pin: Pin CR4-2
Add Pin To Net: Unknown Pin: Pin CR5-1
Add Pin To Net: Unknown Pin: Pin CR5-2
Add Pin To Net: Unknown Pin: Pin CR6-1
Add Pin To Net: Unknown Pin: Pin CR6-2
Add Pin To Net: Unknown Pin: Pin R15-1
Add Pin To Net: Unknown Pin: Pin R15-2
Added Pin To Net: NetName=CHIP_PU Pin=S1-1
Added Pin To Net: NetName=CHIP_PU Pin=S1-2
Added Pin To Net: NetName=GND Pin=S1-3
Added Pin To Net: NetName=GND Pin=S1-4
Added Pin To Net: NetName=BTN_GPIO0 Pin=S2-1
Added Pin To Net: NetName=BTN_GPIO0 Pin=S2-2
Added Pin To Net: NetName=GND Pin=S2-3
Added Pin To Net: NetName=GND Pin=S2-4
Add Class Member: Failed to add class member : Component CR1 AQ3045-01ETG
Add Class Member: Failed to add class member : Component CR2 AQ3045-01ETG
Add Class Member: Failed to add class member : Component CR3 AQ3045-01ETG
Add Class Member: Failed to add class member : Component CR4 AQ3045-01ETG
Add Class Member: Failed to add class member : Component CR5 AQ3045-01ETG
Add Class Member: Failed to add class member : Component CR6 AQ3045-01ETG
Add Class Member: Failed to add class member : Component R15 10k
Added Member To Class: ClassName=Sheet1 Member=Component S1 SWITCH
Added Member To Class: ClassName=Sheet1 Member=Component S2 SWITCH
